<?xml version="1.0" encoding="UTF-8"?>
<!-- Generated by org.testng.reporters.JUnitReportReporter -->
<testsuite hostname="LAPTOP-0HN71S7B" failures="0" tests="1" name="com.Pages.TestNG_Executor" time="62.082" errors="0" timestamp="2023-08-24T20:43:27 IST" skipped="0">
  <testcase classname="com.Pages.TestNG_Executor" name="f" time="62.082"/>
  <system-out/>
</testsuite> <!-- com.Pages.TestNG_Executor -->
